Using pre-set license
Built from '2020.3/release' branch; Version is '2020.3.15f2 (6cf78cb77498) revision 7141260'; Using compiler version '192528614'; Build Type 'Release'
OS: 'Windows 10 Pro; OS build 19043.1237; Version 2009; 64bit' Language: 'ru' Physical Memory: 16276 MB
BatchMode: 1, IsHumanControllingUs: 0, StartBugReporterOnCrash: 0, Is64bit: 1, IsPro: 0

 COMMAND LINE ARGUMENTS:
D:\UnityHub\2020.3.15f2\Editor\Unity.exe
-adb2
-batchMode
-noUpm
-name
AssetImportWorker0
-projectPath
C:/Users/stas9/Documents/GitHub/VLs_chemistry
-logFile
Logs/AssetImportWorker0.log
-srvPort
63038
Successfully changed project path to: C:/Users/stas9/Documents/GitHub/VLs_chemistry
C:/Users/stas9/Documents/GitHub/VLs_chemistry
Using Asset Import Pipeline V2.
Refreshing native plugins compatible for Editor in 61.91 ms, found 2 plugins.
Preloading 0 native plugins for Editor in 0.00 ms.
Initialize engine version: 2020.3.15f2 (6cf78cb77498)
[Subsystems] Discovering subsystems at path D:/UnityHub/2020.3.15f2/Editor/Data/Resources/UnitySubsystems
[Subsystems] Discovering subsystems at path C:/Users/stas9/Documents/GitHub/VLs_chemistry/Assets
GfxDevice: creating device client; threaded=0
Direct3D:
    Version:  Direct3D 11.0 [level 11.1]
    Renderer: NVIDIA GeForce GTX 1050 Ti (ID=0x1c8c)
    Vendor:   
    VRAM:     4021 MB
    Driver:   30.0.14.7168
Shader 'Universal Render Pipeline/Particles/Lit': fallback shader 'Universal Render Pipeline/Particles/SimpleLit' not found
Initialize mono
Mono path[0] = 'D:/UnityHub/2020.3.15f2/Editor/Data/Managed'
Mono path[1] = 'D:/UnityHub/2020.3.15f2/Editor/Data/MonoBleedingEdge/lib/mono/unityjit'
Mono config path = 'D:/UnityHub/2020.3.15f2/Editor/Data/MonoBleedingEdge/etc'
Using monoOptions --debugger-agent=transport=dt_socket,embedding=1,server=y,suspend=n,address=127.0.0.1:56040
Begin MonoManager ReloadAssembly
Registering precompiled unity dll's ...
Register platform support module: D:/UnityHub/2020.3.15f2/Editor/Data/PlaybackEngines/WebGLSupport/UnityEditor.WebGL.Extensions.dll
Register platform support module: D:/UnityHub/2020.3.15f2/Editor/Data/PlaybackEngines/WindowsStandaloneSupport/UnityEditor.WindowsStandalone.Extensions.dll
Registered in 0.001685 seconds.
Native extension for WindowsStandalone target not found
Native extension for WebGL target not found
Refreshing native plugins compatible for Editor in 64.74 ms, found 2 plugins.
Preloading 0 native plugins for Editor in 0.00 ms.
Mono: successfully reloaded assembly
- Completed reload, in  1.647 seconds
Domain Reload Profiling:
	ReloadAssembly (1647ms)
		BeginReloadAssembly (79ms)
			ExecutionOrderSort (0ms)
			DisableScriptedObjects (0ms)
			BackupInstance (0ms)
			ReleaseScriptingObjects (0ms)
			CreateAndSetChildDomain (1ms)
		EndReloadAssembly (469ms)
			LoadAssemblies (79ms)
			RebuildTransferFunctionScriptingTraits (0ms)
			SetupTypeCache (170ms)
			ReleaseScriptCaches (0ms)
			RebuildScriptCaches (36ms)
			SetupLoadedEditorAssemblies (190ms)
				LogAssemblyErrors (0ms)
				InitializePlatformSupportModulesInManaged (5ms)
				SetLoadedEditorAssemblies (0ms)
				RefreshPlugins (65ms)
				BeforeProcessingInitializeOnLoad (7ms)
				ProcessInitializeOnLoadAttributes (84ms)
				ProcessInitializeOnLoadMethodAttributes (28ms)
				AfterProcessingInitializeOnLoad (0ms)
				EditorAssembliesLoaded (0ms)
			ExecutionOrderSort2 (0ms)
			AwakeInstancesAfterBackupRestoration (0ms)
Platform modules already initialized, skipping
Registering precompiled user dll's ...
Registered in 0.005118 seconds.
Begin MonoManager ReloadAssembly
Native extension for WindowsStandalone target not found
Native extension for WebGL target not found
Refreshing native plugins compatible for Editor in 59.87 ms, found 2 plugins.
Preloading 0 native plugins for Editor in 0.00 ms.
Mono: successfully reloaded assembly
- Completed reload, in  1.349 seconds
Domain Reload Profiling:
	ReloadAssembly (1350ms)
		BeginReloadAssembly (166ms)
			ExecutionOrderSort (0ms)
			DisableScriptedObjects (5ms)
			BackupInstance (0ms)
			ReleaseScriptingObjects (0ms)
			CreateAndSetChildDomain (19ms)
		EndReloadAssembly (1123ms)
			LoadAssemblies (113ms)
			RebuildTransferFunctionScriptingTraits (0ms)
			SetupTypeCache (351ms)
			ReleaseScriptCaches (1ms)
			RebuildScriptCaches (82ms)
			SetupLoadedEditorAssemblies (466ms)
				LogAssemblyErrors (0ms)
				InitializePlatformSupportModulesInManaged (5ms)
				SetLoadedEditorAssemblies (0ms)
				RefreshPlugins (60ms)
				BeforeProcessingInitializeOnLoad (84ms)
				ProcessInitializeOnLoadAttributes (308ms)
				ProcessInitializeOnLoadMethodAttributes (6ms)
				AfterProcessingInitializeOnLoad (3ms)
				EditorAssembliesLoaded (0ms)
			ExecutionOrderSort2 (0ms)
			AwakeInstancesAfterBackupRestoration (7ms)
Platform modules already initialized, skipping
========================================================================
Worker process is ready to serve import requests
Shader 'Universal Render Pipeline/Particles/Lit': fallback shader 'Universal Render Pipeline/Particles/SimpleLit' not found
Launched and connected shader compiler UnityShaderCompiler.exe after 0.08 seconds
Refreshing native plugins compatible for Editor in 0.92 ms, found 2 plugins.
Preloading 0 native plugins for Editor in 0.00 ms.
Unloading 3250 Unused Serialized files (Serialized files now loaded: 0)
System memory in use before: 220.7 MB.
System memory in use after: 220.8 MB.

Unloading 20 unused Assets to reduce memory usage. Loaded Objects now: 3703.
Total: 2.872500 ms (FindLiveObjects: 0.300100 ms CreateObjectMapping: 0.208900 ms MarkObjects: 2.230000 ms  DeleteObjects: 0.132400 ms)

AssetImportParameters requested are different than current active one (requested -> active):
  custom:framework-win-MediaFoundation: 216162199b28c13a410421893ffa2e32 -> 
  custom:video-decoder-ogg-theora: a1e56fd34408186e4bbccfd4996cb3dc -> 
  custom:container-muxer-webm: aa71ff27fc2769a1b78a27578f13a17b -> 
  custom:container-demuxer-webm: 4f35f7cbe854078d1ac9338744f61a02 -> 
  custom:container-demuxer-ogg: 62fdf1f143b41e24485cea50d1cbac27 -> 
  custom:video-encoder-webm-vp8: eb34c28f22e8b96e1ab97ce403110664 -> 
  custom:video-decoder-webm-vp8: 9c59270c3fd7afecdb556c50c9e8de78 -> 
  custom:audio-decoder-ogg-vorbis: bf7c407c2cedff20999df2af8eb42d56 -> 
  custom:audio-encoder-webm-vorbis: bf7c407c2cedff20999df2af8eb42d56 -> 
========================================================================
Received Import Request.
  path: Assets/Scenes/Electrolysis_of_Salt_Solutions.unity
  artifactKey: Guid(572aea25824a4b047b089c0108fa091b) Importer(815301076,1909f56bfc062723c751e8b465ee728b)
Start importing Assets/Scenes/Electrolysis_of_Salt_Solutions.unity using Guid(572aea25824a4b047b089c0108fa091b) Importer(815301076,1909f56bfc062723c751e8b465ee728b)  -> (artifact id: '20b5c90bd3e44b844a52cbbb1a2e6cf6') in 0.019032 seconds 
  Import took 0.027465 seconds .

========================================================================
Received Import Request.
  Time since last request: 2.128437 seconds.
  path: Assets/Scenes/Test.unity
  artifactKey: Guid(8328995f4dfceec44b88a3cc05c42786) Importer(815301076,1909f56bfc062723c751e8b465ee728b)
Start importing Assets/Scenes/Test.unity using Guid(8328995f4dfceec44b88a3cc05c42786) Importer(815301076,1909f56bfc062723c751e8b465ee728b)  -> (artifact id: '9479f67249169b5b0e8bd0ccb2a83fe6') in 0.009464 seconds 
  Import took 0.020769 seconds .

========================================================================
Received Import Request.
  Time since last request: 4.376653 seconds.
  path: Assets/Scenes/Сhemical_Current_Sources.unity
  artifactKey: Guid(a5316e66a793c744ba11d91b95dda760) Importer(815301076,1909f56bfc062723c751e8b465ee728b)
Start importing Assets/Scenes/Сhemical_Current_Sources.unity using Guid(a5316e66a793c744ba11d91b95dda760) Importer(815301076,1909f56bfc062723c751e8b465ee728b)  -> (artifact id: 'ee0185906d7b7422ce32d4cd9733040e') in 0.013983 seconds 
  Import took 0.020263 seconds .

========================================================================
Received Import Request.
  Time since last request: 8.569136 seconds.
  path: Assets/Models/table.fbx
  artifactKey: Guid(eb8ec857f7032ae4baa6d89417ccc3f6) Importer(815301076,1909f56bfc062723c751e8b465ee728b)
Start importing Assets/Models/table.fbx using Guid(eb8ec857f7032ae4baa6d89417ccc3f6) Importer(815301076,1909f56bfc062723c751e8b465ee728b)  -> (artifact id: 'aaa735e95b1a2173ab03175699233c78') in 0.512432 seconds 
  Import took 0.518055 seconds .

========================================================================
Received Import Request.
  Time since last request: 1.662725 seconds.
  path: Assets/Models/Сhemical_Current_Sources
  artifactKey: Guid(6a900f3d0e8c0474682aa86d1e3e8fe6) Importer(815301076,1909f56bfc062723c751e8b465ee728b)
Start importing Assets/Models/Сhemical_Current_Sources using Guid(6a900f3d0e8c0474682aa86d1e3e8fe6) Importer(815301076,1909f56bfc062723c751e8b465ee728b)  -> (artifact id: 'a4fd8d7cef6cc9be5d9044629c69c573') in 0.007890 seconds 
  Import took 0.014044 seconds .

========================================================================
Received Import Request.
  Time since last request: 0.933353 seconds.
  path: Assets/Models/Сhemical_Current_Sources/Arrow.fbx
  artifactKey: Guid(75937d2406730484a84f0a44715de87c) Importer(815301076,1909f56bfc062723c751e8b465ee728b)
Start importing Assets/Models/Сhemical_Current_Sources/Arrow.fbx using Guid(75937d2406730484a84f0a44715de87c) Importer(815301076,1909f56bfc062723c751e8b465ee728b)  -> (artifact id: 'bc5c1ccbb3b1ec06a397220f2c6b4967') in 0.020360 seconds 
  Import took 0.026435 seconds .

========================================================================
Received Import Request.
  Time since last request: 0.000332 seconds.
  path: Assets/Models/Сhemical_Current_Sources/Electrods.fbx
  artifactKey: Guid(b41314ee37742364394da0b641d781f3) Importer(815301076,1909f56bfc062723c751e8b465ee728b)
Start importing Assets/Models/Сhemical_Current_Sources/Electrods.fbx using Guid(b41314ee37742364394da0b641d781f3) Importer(815301076,1909f56bfc062723c751e8b465ee728b)  -> (artifact id: 'e41e575cf25a8ffa7ba7eff115d10092') in 0.041267 seconds 
  Import took 0.046798 seconds .

========================================================================
Received Import Request.
  Time since last request: 0.000316 seconds.
  path: Assets/Models/Сhemical_Current_Sources/KolbaNakl.fbx
  artifactKey: Guid(82e36f1a459edee4a8fbdd84acff680f) Importer(815301076,1909f56bfc062723c751e8b465ee728b)
Start importing Assets/Models/Сhemical_Current_Sources/KolbaNakl.fbx using Guid(82e36f1a459edee4a8fbdd84acff680f) Importer(815301076,1909f56bfc062723c751e8b465ee728b)  -> (artifact id: 'c0e8053da27f682bf01c477281725a4b') in 0.047831 seconds 
  Import took 0.054050 seconds .

========================================================================
Received Import Request.
  Time since last request: 0.000317 seconds.
  path: Assets/Models/Сhemical_Current_Sources/PaperTest.fbx
  artifactKey: Guid(deac24ece0b901743b6b1460626f3c08) Importer(815301076,1909f56bfc062723c751e8b465ee728b)
Start importing Assets/Models/Сhemical_Current_Sources/PaperTest.fbx using Guid(deac24ece0b901743b6b1460626f3c08) Importer(815301076,1909f56bfc062723c751e8b465ee728b)  -> (artifact id: '7d50d8c30cc991b2de27224e9818c261') in 0.063756 seconds 
  Import took 0.069523 seconds .

========================================================================
Received Import Request.
  Time since last request: 0.000299 seconds.
  path: Assets/Models/Сhemical_Current_Sources/Cylinder.fbx
  artifactKey: Guid(805ac87b61de46e4ab337545a94301c8) Importer(815301076,1909f56bfc062723c751e8b465ee728b)
Start importing Assets/Models/Сhemical_Current_Sources/Cylinder.fbx using Guid(805ac87b61de46e4ab337545a94301c8) Importer(815301076,1909f56bfc062723c751e8b465ee728b)  -> (artifact id: '41b8b6cab6d6f96787a7ae9b761588f5') in 0.023610 seconds 
  Import took 0.029774 seconds .

========================================================================
Received Import Request.
  Time since last request: 0.000306 seconds.
  path: Assets/Models/Сhemical_Current_Sources/Bumaga.fbx
  artifactKey: Guid(72279fd4b4c648e48a894b11a8b64fe5) Importer(815301076,1909f56bfc062723c751e8b465ee728b)
Start importing Assets/Models/Сhemical_Current_Sources/Bumaga.fbx using Guid(72279fd4b4c648e48a894b11a8b64fe5) Importer(815301076,1909f56bfc062723c751e8b465ee728b)  -> (artifact id: '7c52d4972767e2d71f76bc11ebb8dbf7') in 0.052047 seconds 
  Import took 0.058618 seconds .

========================================================================
Received Import Request.
  Time since last request: 0.000268 seconds.
  path: Assets/Models/Сhemical_Current_Sources/Vanna.fbx
  artifactKey: Guid(c06038443e9e1cd4895f2ae939fb32f2) Importer(815301076,1909f56bfc062723c751e8b465ee728b)
Start importing Assets/Models/Сhemical_Current_Sources/Vanna.fbx using Guid(c06038443e9e1cd4895f2ae939fb32f2) Importer(815301076,1909f56bfc062723c751e8b465ee728b)  -> (artifact id: '944041521a6313784ca0beb9eb3a5eb0') in 0.022441 seconds 
  Import took 0.029043 seconds .

========================================================================
Received Import Request.
  Time since last request: 0.000300 seconds.
  path: Assets/Models/Сhemical_Current_Sources/Chemistry_Elektrod_Voltmetr.fbx
  artifactKey: Guid(7ca12f339c717e9449d0da502caa4ebf) Importer(815301076,1909f56bfc062723c751e8b465ee728b)
Start importing Assets/Models/Сhemical_Current_Sources/Chemistry_Elektrod_Voltmetr.fbx using Guid(7ca12f339c717e9449d0da502caa4ebf) Importer(815301076,1909f56bfc062723c751e8b465ee728b)  -> (artifact id: '11b4e21c7a9b2368aa8b2586345e03a7') in 0.077649 seconds 
  Import took 0.083859 seconds .

========================================================================
Received Import Request.
  Time since last request: 0.000245 seconds.
  path: Assets/Models/Сhemical_Current_Sources/Circle.fbx
  artifactKey: Guid(9c75bb54e048d664f9d0dd2919b11ac5) Importer(815301076,1909f56bfc062723c751e8b465ee728b)
Start importing Assets/Models/Сhemical_Current_Sources/Circle.fbx using Guid(9c75bb54e048d664f9d0dd2919b11ac5) Importer(815301076,1909f56bfc062723c751e8b465ee728b)  -> (artifact id: 'f9834b88782e07c50d442bfa20618bdf') in 0.021061 seconds 
  Import took 0.028530 seconds .

========================================================================
Received Import Request.
  Time since last request: 0.000360 seconds.
  path: Assets/Models/Сhemical_Current_Sources/bath.fbx
  artifactKey: Guid(38fba66639f2fd64db5fb1fc9465e59a) Importer(815301076,1909f56bfc062723c751e8b465ee728b)
Start importing Assets/Models/Сhemical_Current_Sources/bath.fbx using Guid(38fba66639f2fd64db5fb1fc9465e59a) Importer(815301076,1909f56bfc062723c751e8b465ee728b)  -> (artifact id: '7ca5f176d36b8a5880e92ddd9da290b0') in 0.021877 seconds 
  Import took 0.028247 seconds .

========================================================================
Received Import Request.
  Time since last request: 0.000313 seconds.
  path: Assets/Models/Сhemical_Current_Sources/KolbaCylinder.fbx
  artifactKey: Guid(176a870494face84e87571c2c7ddd2bb) Importer(815301076,1909f56bfc062723c751e8b465ee728b)
Start importing Assets/Models/Сhemical_Current_Sources/KolbaCylinder.fbx using Guid(176a870494face84e87571c2c7ddd2bb) Importer(815301076,1909f56bfc062723c751e8b465ee728b)  -> (artifact id: '027d7577cad9f5ef4b35fcde19baf9e8') in 0.020883 seconds 
  Import took 0.029544 seconds .

AssetImportWorkerClient::OnTransportError - code=2 error=End of file
